  Using bundled DotNet SDK version: 6.0.302
  Running UnrealBuildTool: dotnet "..\..\Engine\Binaries\DotNET\UnrealBuildTool\UnrealBuildTool.dll" EscEditor Win64 Development -Project="C:\UnrealProjects\Unreal_Test03\Esc\Esc.uproject" -WaitMutex -FromMsBuild -Rebuild
  Log file: C:\Users\홍신영\AppData\Local\UnrealBuildTool\Log.txt
  Cleaning EscEditor binaries...
  Unhandled exception: System.AggregateException: One or more errors occurred. (Unable to delete C:\UnrealProjects\Unreal_Test03\Esc\Binaries\Win64\UnrealEditor-Esc.dll (Unable to delete C:\UnrealProjects\Unreal_Test03\Esc\Binaries\Win64\UnrealEditor-Esc.dll - 액세스가 거부되었습니다.
  Processes with open handles to file:
    2804: C:\Program Files\Epic Games\UE_5.2\Engine\Binaries\Win64\UnrealEditor.exe (started 01/10/2024 15:25:50)))
   ---> Unable to delete C:\UnrealProjects\Unreal_Test03\Esc\Binaries\Win64\UnrealEditor-Esc.dll (Unable to delete C:\UnrealProjects\Unreal_Test03\Esc\Binaries\Win64\UnrealEditor-Esc.dll - 액세스가 거부되었습니다.
  Processes with open handles to file:
    2804: C:\Program Files\Epic Games\UE_5.2\Engine\Binaries\Win64\UnrealEditor.exe (started 01/10/2024 15:25:50))
     --- End of inner exception stack trace ---
     at System.Threading.Tasks.TaskReplicator.Run[TState](ReplicatableUserAction`1 action, ParallelOptions options, Boolean stopOnFirstFailure)
     at System.Threading.Tasks.Parallel.PartitionerForEachWorker[TSource,TLocal](Partitioner`1 source, ParallelOptions parallelOptions, Action`1 simpleBody, Action`2 bodyWithState, Action`3 bodyWithStateAndIndex, Func`4 bodyWithStateAndLocal, Func`5 bodyWithEverything, Func`1 localInit, Action`1 localFinally)
  --- End of stack trace from previous location ---
     at System.Threading.Tasks.Parallel.ThrowSingleCancellationExceptionOrOtherException(ICollection exceptions, CancellationToken cancelToken, Exception otherException)
     at System.Threading.Tasks.Parallel.PartitionerForEachWorker[TSource,TLocal](Partitioner`1 source, ParallelOptions parallelOptions, Action`1 simpleBody, Action`2 bodyWithState, Action`3 bodyWithStateAndIndex, Func`4 bodyWithStateAndLocal, Func`5 bodyWithEverything, Func`1 localInit, Action`1 localFinally)
     at System.Threading.Tasks.Parallel.ForEachWorker[TSource,TLocal](IEnumerable`1 source, ParallelOptions parallelOptions, Action`1 body, Action`2 bodyWithState, Action`3 bodyWithStateAndIndex, Func`4 bodyWithStateAndLocal, Func`5 bodyWithEverything, Func`1 localInit, Action`1 localFinally)
     at System.Threading.Tasks.Parallel.ForEach[TSource](IEnumerable`1 source, Action`1 body)
     at UnrealBuildTool.CleanMode.<>c__DisplayClass3_0.<Clean>b__2() in D:\build\++UE5\Sync\Engine\Saved\CsTools\Engine\Source\Programs\UnrealBuildTool\Modes\CleanMode.cs:line 257
     at System.Threading.Tasks.Task.InnerInvoke()
     at System.Threading.Tasks.Task.<>c.<.cctor>b__272_0(Object obj)
     at System.Threading.ExecutionContext.RunFromThreadPoolDispatchLoop(Thread threadPoolThread, ExecutionContext executionContext, ContextCallback callback, Object state)
  --- End of stack trace from previous location ---
     at System.Threading.ExecutionContext.RunFromThreadPoolDispatchLoop(Thread threadPoolThread, ExecutionContext executionContext, ContextCallback callback, Object state)
     at System.Threading.Tasks.Task.ExecuteWithThreadLocal(Task& currentTaskSlot, Thread threadPoolThread)
